#
# There is insufficient memory for the Java Runtime Environment to continue.
# Native memory allocation (malloc) failed to allocate 296576 bytes for Chunk::new
# Possible reasons:
#   The system is out of physical RAM or swap space
#   The process is running with CompressedOops enabled, and the Java Heap may be blocking the growth of the native heap
# Possible solutions:
#   Reduce memory load on the system
#   Increase physical memory or swap space
#   Check if swap backing store is full
#   Decrease Java heap size (-Xmx/-Xms)
#   Decrease number of Java threads
#   Decrease Java thread stack sizes (-Xss)
#   Set larger code cache with -XX:ReservedCodeCacheSize=
#   JVM is running with Zero Based Compressed Oops mode in which the Java heap is
#     placed in the first 32GB address space. The Java Heap base address is the
#     maximum limit for the native heap growth. Please use -XX:HeapBaseMinAddress
#     to set the Java Heap base and to place the Java Heap above 32GB virtual address.
# This output file may be truncated or incomplete.
#
#  Out of Memory Error (allocation.cpp:390), pid=26112, tid=0x0000000000005594
#
# JRE version: Java(TM) SE Runtime Environment (8.0_201-b09) (build 1.8.0_201-b09)
# Java VM: Java HotSpot(TM) 64-Bit Server VM (25.201-b09 mixed mode windows-amd64 compressed oops)
# Failed to write core dump. Minidumps are not enabled by default on client versions of Windows
#

---------------  T H R E A D  ---------------

Current thread (0x000000001e8eb800):  JavaThread "C2 CompilerThread0" daemon [_thread_in_native, id=21908, stack(0x000000001f0d0000,0x000000001f1d0000)]

Stack: [0x000000001f0d0000,0x000000001f1d0000]
[error occurred during error reporting (printing stack bounds), id 0xc0000005]

Native frames: (J=compiled Java code, j=interpreted, Vv=VM code, C=native code)


Current CompileTask:
C2:  56301 2799       4       org.eclipse.jdt.internal.compiler.parser.JavadocParser::updateDocComment (787 bytes)


---------------  P R O C E S S  ---------------

Java Threads: ( => current thread )
  0x000000001e958000 JavaThread "Service Thread" daemon [_thread_blocked, id=25328, stack(0x000000001f4d0000,0x000000001f5d0000)]
  0x000000001e950800 JavaThread "C1 CompilerThread3" daemon [_thread_blocked, id=20964, stack(0x000000001f3d0000,0x000000001f4d0000)]
  0x000000001e949800 JavaThread "C2 CompilerThread2" daemon [_thread_blocked, id=24460, stack(0x000000001f2d0000,0x000000001f3d0000)]
  0x000000001e948000 JavaThread "C2 CompilerThread1" daemon [_thread_blocked, id=22680, stack(0x000000001f1d0000,0x000000001f2d0000)]
=>0x000000001e8eb800 JavaThread "C2 CompilerThread0" daemon [_thread_in_native, id=21908, stack(0x000000001f0d0000,0x000000001f1d0000)]
  0x000000001e8ea000 JavaThread "Attach Listener" daemon [_thread_blocked, id=5536, stack(0x000000001efd0000,0x000000001f0d0000)]
  0x000000001e8e9800 JavaThread "Signal Dispatcher" daemon [_thread_blocked, id=1876, stack(0x000000001eed0000,0x000000001efd0000)]
  0x000000001c9f2800 JavaThread "Finalizer" daemon [_thread_blocked, id=27320, stack(0x000000001ecc0000,0x000000001edc0000)]
  0x0000000002fa8000 JavaThread "Reference Handler" daemon [_thread_blocked, id=25800, stack(0x000000001e7c0000,0x000000001e8c0000)]
  0x0000000002eb2800 JavaThread "main" [_thread_in_vm, id=9864, stack(0x0000000002db0000,0x0000000002eb0000)]

Other Threads:
  0x000000001c9e8800 VMThread [stack: 0x000000001e6c0000,0x000000001e7c0000] [id=24664]
  0x000000001e959800 WatcherThread [stack: 0x000000001f5d0000,0x000000001f6d0000] [id=1300]

VM state:not at safepoint (normal execution)

VM Mutex/Monitor currently owned by a thread: None

heap address: 0x00000006c1800000, size: 4072 MB, Compressed Oops mode: Zero based, Oop shift amount: 3
Narrow klass base: 0x0000000000000000, Narrow klass shift: 3
Compressed class space size: 1073741824 Address: 0x00000007c0000000

Heap:
 PSYoungGen      total 572416K, used 488383K [0x000000076b300000, 0x0000000791f00000, 0x00000007c0000000)
  eden space 520704K, 85% used [0x000000076b300000,0x00000007867e1b10,0x000000078af80000)
  from space 51712K, 79% used [0x000000078e580000,0x0000000790d8e1c8,0x0000000791800000)
  to   space 55296K, 0% used [0x000000078af80000,0x000000078af80000,0x000000078e580000)
 ParOldGen       total 175104K, used 84727K [0x00000006c1800000, 0x00000006cc300000, 0x000000076b300000)
  object space 175104K, 48% used [0x00000006c1800000,0x00000006c6abdca8,0x00000006cc300000)
 Metaspace       used 11436K, capacity 11602K, committed 11904K, reserved 1060864K
  class space    used 1017K, capacity 1075K, committed 1152K, reserved 1048576K

Card table byte_map: [0x0000000012370000,0x0000000012b70000] byte_map_base: 0x000000000ed64000

Marking Bits: (ParMarkBitMap*) 0x0000000072ac4ce0
 Begin Bits: [0x00000000138c0000, 0x0000000017860000)
 End Bits:   [0x0000000017860000, 0x000000001b800000)

Polling page: 0x0000000000e80000

CodeCache: size=245760Kb used=11546Kb max_used=11565Kb free=234213Kb
 bounds [0x0000000002fb0000, 0x0000000003b10000, 0x0000000011fb0000]
 total_blobs=2537 nmethods=2228 adapters=218
 compilation: enabled

Compilation events (10 events):
Event: 54.216 Thread 0x000000001e950800 nmethod 2796 0x0000000003419a50 code [0x0000000003419bc0, 0x0000000003419dc8]
Event: 54.216 Thread 0x000000001e950800 2797       3       org.eclipse.jdt.core.dom.DefaultASTVisitor::endVisit (6 bytes)
Event: 54.216 Thread 0x000000001e950800 nmethod 2797 0x0000000003419650 code [0x00000000034197c0, 0x00000000034199c8]
Event: 54.218 Thread 0x000000001e8eb800 nmethod 2786 0x0000000003415b50 code [0x0000000003415ce0, 0x00000000034161a8]
Event: 54.218 Thread 0x000000001e8eb800 2789       4       java.lang.AbstractStringBuilder::ensureCapacityInternal (27 bytes)
Event: 54.222 Thread 0x000000001e8eb800 nmethod 2789 0x0000000003415590 code [0x00000000034156e0, 0x00000000034159b8]
Event: 54.227 Thread 0x000000001e950800 2798       3       sun.misc.FloatingDecimal$BinaryToASCIIBuffer::appendTo (72 bytes)
Event: 54.228 Thread 0x000000001e950800 nmethod 2798 0x0000000003418810 code [0x00000000034189e0, 0x0000000003419408]
Event: 54.228 Thread 0x000000001e8eb800 2799       4       org.eclipse.jdt.internal.compiler.parser.JavadocParser::updateDocComment (787 bytes)
Event: 54.269 Thread 0x000000001e950800 2802       3       org.eclipse.jdt.core.dom.ASTConverter::convert (322 bytes)

GC Heap History (10 events):
Event: 17.915 GC heap before
{Heap before GC invocations=2 (full 0):
 PSYoungGen      total 76288K, used 76275K [0x000000076b300000, 0x0000000774800000, 0x00000007c0000000)
  eden space 65536K, 100% used [0x000000076b300000,0x000000076f300000,0x000000076f300000)
  from space 10752K, 99% used [0x000000076f300000,0x000000076fd7cfd0,0x000000076fd80000)
  to   space 10752K, 0% used [0x0000000773d80000,0x0000000773d80000,0x0000000774800000)
 ParOldGen       total 175104K, used 1634K [0x00000006c1800000, 0x00000006cc300000, 0x000000076b300000)
  object space 175104K, 0% used [0x00000006c1800000,0x00000006c19989a0,0x00000006cc300000)
 Metaspace       used 11053K, capacity 11250K, committed 11392K, reserved 1058816K
  class space    used 1013K, capacity 1043K, committed 1152K, reserved 1048576K
Event: 18.565 GC heap after
Heap after GC invocations=2 (full 0):
 PSYoungGen      total 141824K, used 10741K [0x000000076b300000, 0x0000000774800000, 0x00000007c0000000)
  eden space 131072K, 0% used [0x000000076b300000,0x000000076b300000,0x0000000773300000)
  from space 10752K, 99% used [0x0000000773d80000,0x00000007747fd5a8,0x0000000774800000)
  to   space 10752K, 0% used [0x0000000773300000,0x0000000773300000,0x0000000773d80000)
 ParOldGen       total 175104K, used 8953K [0x00000006c1800000, 0x00000006cc300000, 0x000000076b300000)
  object space 175104K, 5% used [0x00000006c1800000,0x00000006c20be7f8,0x00000006cc300000)
 Metaspace       used 11053K, capacity 11250K, committed 11392K, reserved 1058816K
  class space    used 1013K, capacity 1043K, committed 1152K, reserved 1048576K
}
Event: 28.927 GC heap before
{Heap before GC invocations=3 (full 0):
 PSYoungGen      total 141824K, used 141813K [0x000000076b300000, 0x0000000774800000, 0x00000007c0000000)
  eden space 131072K, 100% used [0x000000076b300000,0x0000000773300000,0x0000000773300000)
  from space 10752K, 99% used [0x0000000773d80000,0x00000007747fd5a8,0x0000000774800000)
  to   space 10752K, 0% used [0x0000000773300000,0x0000000773300000,0x0000000773d80000)
 ParOldGen       total 175104K, used 8953K [0x00000006c1800000, 0x00000006cc300000, 0x000000076b300000)
  object space 175104K, 5% used [0x00000006c1800000,0x00000006c20be7f8,0x00000006cc300000)
 Metaspace       used 11141K, capacity 11314K, committed 11648K, reserved 1060864K
  class space    used 1014K, capacity 1043K, committed 1152K, reserved 1048576K
Event: 30.884 GC heap after
Heap after GC invocations=3 (full 0):
 PSYoungGen      total 141824K, used 10744K [0x000000076b300000, 0x000000077c800000, 0x00000007c0000000)
  eden space 131072K, 0% used [0x000000076b300000,0x000000076b300000,0x0000000773300000)
  from space 10752K, 99% used [0x0000000773300000,0x0000000773d7e0c8,0x0000000773d80000)
  to   space 10752K, 0% used [0x000000077bd80000,0x000000077bd80000,0x000000077c800000)
 ParOldGen       total 175104K, used 29188K [0x00000006c1800000, 0x00000006cc300000, 0x000000076b300000)
  object space 175104K, 16% used [0x00000006c1800000,0x00000006c34812e0,0x00000006cc300000)
 Metaspace       used 11141K, capacity 11314K, committed 11648K, reserved 1060864K
  class space    used 1014K, capacity 1043K, committed 1152K, reserved 1048576K
}
Event: 34.099 GC heap before
{Heap before GC invocations=4 (full 0):
 PSYoungGen      total 141824K, used 141816K [0x000000076b300000, 0x000000077c800000, 0x00000007c0000000)
  eden space 131072K, 100% used [0x000000076b300000,0x0000000773300000,0x0000000773300000)
  from space 10752K, 99% used [0x0000000773300000,0x0000000773d7e0c8,0x0000000773d80000)
  to   space 10752K, 0% used [0x000000077bd80000,0x000000077bd80000,0x000000077c800000)
 ParOldGen       total 175104K, used 29188K [0x00000006c1800000, 0x00000006cc300000, 0x000000076b300000)
  object space 175104K, 16% used [0x00000006c1800000,0x00000006c34812e0,0x00000006cc300000)
 Metaspace       used 11196K, capacity 11378K, committed 11648K, reserved 1060864K
  class space    used 1014K, capacity 1043K, committed 1152K, reserved 1048576K
Event: 35.167 GC heap after
Heap after GC invocations=4 (full 0):
 PSYoungGen      total 272896K, used 10743K [0x000000076b300000, 0x000000077c800000, 0x00000007c0000000)
  eden space 262144K, 0% used [0x000000076b300000,0x000000076b300000,0x000000077b300000)
  from space 10752K, 99% used [0x000000077bd80000,0x000000077c7fdd98,0x000000077c800000)
  to   space 10752K, 0% used [0x000000077b300000,0x000000077b300000,0x000000077bd80000)
 ParOldGen       total 175104K, used 48849K [0x00000006c1800000, 0x00000006cc300000, 0x000000076b300000)
  object space 175104K, 27% used [0x00000006c1800000,0x00000006c47b44a0,0x00000006cc300000)
 Metaspace       used 11196K, capacity 11378K, committed 11648K, reserved 1060864K
  class space    used 1014K, capacity 1043K, committed 1152K, reserved 1048576K
}
Event: 44.427 GC heap before
{Heap before GC invocations=5 (full 0):
 PSYoungGen      total 272896K, used 272887K [0x000000076b300000, 0x000000077c800000, 0x00000007c0000000)
  eden space 262144K, 100% used [0x000000076b300000,0x000000077b300000,0x000000077b300000)
  from space 10752K, 99% used [0x000000077bd80000,0x000000077c7fdd98,0x000000077c800000)
  to   space 10752K, 0% used [0x000000077b300000,0x000000077b300000,0x000000077bd80000)
 ParOldGen       total 175104K, used 48849K [0x00000006c1800000, 0x00000006cc300000, 0x000000076b300000)
  object space 175104K, 27% used [0x00000006c1800000,0x00000006c47b44a0,0x00000006cc300000)
 Metaspace       used 11301K, capacity 11474K, committed 11648K, reserved 1060864K
  class space    used 1015K, capacity 1075K, committed 1152K, reserved 1048576K
Event: 45.131 GC heap after
Heap after GC invocations=5 (full 0):
 PSYoungGen      total 272896K, used 10749K [0x000000076b300000, 0x0000000791800000, 0x00000007c0000000)
  eden space 262144K, 0% used [0x000000076b300000,0x000000076b300000,0x000000077b300000)
  from space 10752K, 99% used [0x000000077b300000,0x000000077bd7f4d8,0x000000077bd80000)
  to   space 51712K, 0% used [0x000000078e580000,0x000000078e580000,0x0000000791800000)
 ParOldGen       total 175104K, used 84727K [0x00000006c1800000, 0x00000006cc300000, 0x000000076b300000)
  object space 175104K, 48% used [0x00000006c1800000,0x00000006c6abdca8,0x00000006cc300000)
 Metaspace       used 11301K, capacity 11474K, committed 11648K, reserved 1060864K
  class space    used 1015K, capacity 1075K, committed 1152K, reserved 1048576K
}
Event: 50.182 GC heap before
{Heap before GC invocations=6 (full 0):
 PSYoungGen      total 272896K, used 272893K [0x000000076b300000, 0x0000000791800000, 0x00000007c0000000)
  eden space 262144K, 100% used [0x000000076b300000,0x000000077b300000,0x000000077b300000)
  from space 10752K, 99% used [0x000000077b300000,0x000000077bd7f4d8,0x000000077bd80000)
  to   space 51712K, 0% used [0x000000078e580000,0x000000078e580000,0x0000000791800000)
 ParOldGen       total 175104K, used 84727K [0x00000006c1800000, 0x00000006cc300000, 0x000000076b300000)
  object space 175104K, 48% used [0x00000006c1800000,0x00000006c6abdca8,0x00000006cc300000)
 Metaspace       used 11398K, capacity 11538K, committed 11648K, reserved 1060864K
  class space    used 1017K, capacity 1075K, committed 1152K, reserved 1048576K
Event: 50.433 GC heap after
Heap after GC invocations=6 (full 0):
 PSYoungGen      total 572416K, used 41016K [0x000000076b300000, 0x0000000791f00000, 0x00000007c0000000)
  eden space 520704K, 0% used [0x000000076b300000,0x000000076b300000,0x000000078af80000)
  from space 51712K, 79% used [0x000000078e580000,0x0000000790d8e1c8,0x0000000791800000)
  to   space 55296K, 0% used [0x000000078af80000,0x000000078af80000,0x000000078e580000)
 ParOldGen       total 175104K, used 84727K [0x00000006c1800000, 0x00000006cc300000, 0x000000076b300000)
  object space 175104K, 48% used [0x00000006c1800000,0x00000006c6abdca8,0x00000006cc300000)
 Metaspace       used 11398K, capacity 11538K, committed 11648K, reserved 1060864K
  class space    used 1017K, capacity 1075K, committed 1152K, reserved 1048576K
}

Deoptimization events (10 events):
Event: 49.171 Thread 0x0000000002eb2800 Uncommon trap: reason=class_check action=maybe_recompile pc=0x00000000032b58c4 method=java.util.regex.Pattern$BmpCharProperty.match(Ljava/util/regex/Matcher;ILjava/lang/CharSequence;)Z @ 31
Event: 49.171 Thread 0x0000000002eb2800 Uncommon trap: reason=class_check action=maybe_recompile pc=0x00000000032b58c4 method=java.util.regex.Pattern$BmpCharProperty.match(Ljava/util/regex/Matcher;ILjava/lang/CharSequence;)Z @ 31
Event: 49.171 Thread 0x0000000002eb2800 Uncommon trap: reason=class_check action=maybe_recompile pc=0x00000000032b58c4 method=java.util.regex.Pattern$BmpCharProperty.match(Ljava/util/regex/Matcher;ILjava/lang/CharSequence;)Z @ 31
Event: 49.171 Thread 0x0000000002eb2800 Uncommon trap: reason=class_check action=maybe_recompile pc=0x00000000032b58c4 method=java.util.regex.Pattern$BmpCharProperty.match(Ljava/util/regex/Matcher;ILjava/lang/CharSequence;)Z @ 31
Event: 49.178 Thread 0x0000000002eb2800 Uncommon trap: reason=predicate action=maybe_recompile pc=0x0000000003380c9c method=java.util.regex.Pattern$Slice.match(Ljava/util/regex/Matcher;ILjava/lang/CharSequence;)Z @ 21
Event: 49.407 Thread 0x0000000002eb2800 Uncommon trap: reason=bimorphic action=maybe_recompile pc=0x000000000365f938 method=java.util.regex.Pattern$Start.match(Ljava/util/regex/Matcher;ILjava/lang/CharSequence;)Z @ 44
Event: 49.420 Thread 0x0000000002eb2800 Uncommon trap: reason=bimorphic action=maybe_recompile pc=0x000000000365f938 method=java.util.regex.Pattern$Start.match(Ljava/util/regex/Matcher;ILjava/lang/CharSequence;)Z @ 44
Event: 49.422 Thread 0x0000000002eb2800 Uncommon trap: reason=predicate action=maybe_recompile pc=0x0000000003aa73e8 method=java.util.regex.Pattern$Slice.match(Ljava/util/regex/Matcher;ILjava/lang/CharSequence;)Z @ 21
Event: 49.613 Thread 0x0000000002eb2800 Uncommon trap: reason=bimorphic action=maybe_recompile pc=0x000000000365f938 method=java.util.regex.Pattern$Start.match(Ljava/util/regex/Matcher;ILjava/lang/CharSequence;)Z @ 44
Event: 51.239 Thread 0x0000000002eb2800 Uncommon trap: reason=unstable_if action=reinterpret pc=0x0000000003aaeef4 method=org.eclipse.jdt.core.dom.DefaultCommentMapper.initialize(Lorg/eclipse/jdt/core/dom/CompilationUnit;Lorg/eclipse/jdt/internal/compiler/parser/Scanner;)V @ 76

Classes redefined (0 events):
No events

Internal exceptions (10 events):
Event: 48.182 Thread 0x0000000002eb2800 Exception <a 'java/lang/ArrayIndexOutOfBoundsException'> (0x0000000773df5470) thrown at [C:\re\workspace\8-2-build-windows-amd64-cygwin\jdk8u201\12322\hotspot\src\share\vm\runtime\sharedRuntime.cpp, line 605]
Event: 48.187 Thread 0x0000000002eb2800 Exception <a 'java/lang/ArrayIndexOutOfBoundsException'> (0x0000000773f65d48) thrown at [C:\re\workspace\8-2-build-windows-amd64-cygwin\jdk8u201\12322\hotspot\src\share\vm\runtime\sharedRuntime.cpp, line 605]
Event: 48.335 Thread 0x0000000002eb2800 Exception <a 'java/lang/ArrayIndexOutOfBoundsException': 14693> (0x000000077447c720) thrown at [C:\re\workspace\8-2-build-windows-amd64-cygwin\jdk8u201\12322\hotspot\src\share\vm\interpreter\interpreterRuntime.cpp, line 368]
Event: 48.556 Thread 0x0000000002eb2800 Exception <a 'java/lang/ArrayIndexOutOfBoundsException'> (0x00000007745fb788) thrown at [C:\re\workspace\8-2-build-windows-amd64-cygwin\jdk8u201\12322\hotspot\src\share\vm\runtime\sharedRuntime.cpp, line 605]
Event: 48.567 Thread 0x0000000002eb2800 Exception <a 'java/lang/ArrayIndexOutOfBoundsException'> (0x0000000774705340) thrown at [C:\re\workspace\8-2-build-windows-amd64-cygwin\jdk8u201\12322\hotspot\src\share\vm\runtime\sharedRuntime.cpp, line 605]
Event: 48.569 Thread 0x0000000002eb2800 Exception <a 'java/lang/ArrayIndexOutOfBoundsException'> (0x0000000774759e38) thrown at [C:\re\workspace\8-2-build-windows-amd64-cygwin\jdk8u201\12322\hotspot\src\share\vm\runtime\sharedRuntime.cpp, line 605]
Event: 48.573 Thread 0x0000000002eb2800 Exception <a 'java/lang/ArrayIndexOutOfBoundsException'> (0x00000007747ff1e0) thrown at [C:\re\workspace\8-2-build-windows-amd64-cygwin\jdk8u201\12322\hotspot\src\share\vm\runtime\sharedRuntime.cpp, line 605]
Event: 48.575 Thread 0x0000000002eb2800 Exception <a 'java/lang/ArrayIndexOutOfBoundsException'> (0x000000077487d940) thrown at [C:\re\workspace\8-2-build-windows-amd64-cygwin\jdk8u201\12322\hotspot\src\share\vm\runtime\sharedRuntime.cpp, line 605]
Event: 48.577 Thread 0x0000000002eb2800 Exception <a 'java/lang/ArrayIndexOutOfBoundsException'> (0x00000007748d8048) thrown at [C:\re\workspace\8-2-build-windows-amd64-cygwin\jdk8u201\12322\hotspot\src\share\vm\runtime\sharedRuntime.cpp, line 605]
Event: 48.579 Thread 0x0000000002eb2800 Exception <a 'java/lang/ArrayIndexOutOfBoundsException'> (0x00000007749faee0) thrown at [C:\re\workspace\8-2-build-windows-amd64-cygwin\jdk8u201\12322\hotspot\src\share\vm\runtime\sharedRuntime.cpp, line 605]

Events (10 events):
Event: 50.821 Thread 0x000000001e950800 flushing nmethod 0x00000000038fbe10
Event: 50.821 Thread 0x000000001e950800 flushing nmethod 0x00000000039e1d90
Event: 50.821 Thread 0x000000001e950800 flushing nmethod 0x0000000003a73990
Event: 51.239 Thread 0x0000000002eb2800 Uncommon trap: trap_request=0xffffff65 fr.pc=0x0000000003aaeef4
Event: 51.239 Thread 0x0000000002eb2800 DEOPT PACKING pc=0x0000000003aaeef4 sp=0x0000000002eae8f0
Event: 51.239 Thread 0x0000000002eb2800 DEOPT UNPACKING pc=0x0000000002ff583b sp=0x0000000002eae8c0 mode 2
Event: 51.724 Thread 0x0000000002eb2800 DEOPT PACKING pc=0x00000000034ea626 sp=0x0000000002eae8d0
Event: 51.724 Thread 0x0000000002eb2800 DEOPT UNPACKING pc=0x0000000002ff7890 sp=0x0000000002eae618 mode 0
Event: 53.221 Thread 0x0000000002eb2800 DEOPT PACKING pc=0x00000000034ea626 sp=0x0000000002eae880
Event: 53.221 Thread 0x0000000002eb2800 DEOPT UNPACKING pc=0x0000000002ff7890 sp=0x0000000002eae5c8 mode 0


Dynamic libraries:
0x00007ff69ece0000 - 0x00007ff69ed17000 	C:\Program Files (x86)\Common Files\Oracle\Java\javapath\java.exe
0x00007ffb90a20000 - 0x00007ffb90c01000 	C:\WINDOWS\SYSTEM32\ntdll.dll
0x00007ffb90380000 - 0x00007ffb90431000 	C:\WINDOWS\System32\KERNEL32.DLL
0x00007ffb8d7b0000 - 0x00007ffb8da23000 	C:\WINDOWS\System32\KERNELBASE.dll
0x00007ffb8e600000 - 0x00007ffb8e6a1000 	C:\WINDOWS\System32\ADVAPI32.dll
0x00007ffb90440000 - 0x00007ffb904de000 	C:\WINDOWS\System32\msvcrt.dll
0x00007ffb90780000 - 0x00007ffb907db000 	C:\WINDOWS\System32\sechost.dll
0x00007ffb8ec90000 - 0x00007ffb8edb4000 	C:\WINDOWS\System32\RPCRT4.dll
0x00007ffb8e6b0000 - 0x00007ffb8e840000 	C:\WINDOWS\System32\USER32.dll
0x00007ffb8de90000 - 0x00007ffb8deb0000 	C:\WINDOWS\System32\win32u.dll
0x00007ffb8e5c0000 - 0x00007ffb8e5e8000 	C:\WINDOWS\System32\GDI32.dll
0x00007ffb8da30000 - 0x00007ffb8dbc1000 	C:\WINDOWS\System32\gdi32full.dll
0x00007ffb8d500000 - 0x00007ffb8d59f000 	C:\WINDOWS\System32\msvcp_win.dll
0x00007ffb8d5a0000 - 0x00007ffb8d698000 	C:\WINDOWS\System32\ucrtbase.dll
0x00007ffb7d0b0000 - 0x00007ffb7d319000 	C:\WINDOWS\WinSxS\amd64_microsoft.windows.common-controls_6595b64144ccf1df_6.0.17134.885_none_fb42a3473065565f\COMCTL32.dll
0x00007ffb8dec0000 - 0x00007ffb8e1e2000 	C:\WINDOWS\System32\combase.dll
0x00007ffb8dbd0000 - 0x00007ffb8dc49000 	C:\WINDOWS\System32\bcryptPrimitives.dll
0x00007ffb90540000 - 0x00007ffb9056d000 	C:\WINDOWS\System32\IMM32.DLL
0x0000000072b50000 - 0x0000000072c21000 	C:\Program Files\Java\jre1.8.0_201\bin\msvcr100.dll
0x00000000722a0000 - 0x0000000072b44000 	C:\Program Files\Java\jre1.8.0_201\bin\server\jvm.dll
0x00007ffb8deb0000 - 0x00007ffb8deb8000 	C:\WINDOWS\System32\PSAPI.DLL
0x00007ffb892a0000 - 0x00007ffb892c3000 	C:\WINDOWS\SYSTEM32\WINMM.dll
0x00007ffb7ed00000 - 0x00007ffb7ed0a000 	C:\WINDOWS\SYSTEM32\VERSION.dll
0x00007ffb8b950000 - 0x00007ffb8b959000 	C:\WINDOWS\SYSTEM32\WSOCK32.dll
0x00007ffb905d0000 - 0x00007ffb9063c000 	C:\WINDOWS\System32\WS2_32.dll
0x00007ffb88fa0000 - 0x00007ffb88fca000 	C:\WINDOWS\SYSTEM32\winmmbase.dll
0x00007ffb8de40000 - 0x00007ffb8de89000 	C:\WINDOWS\System32\cfgmgr32.dll
0x00007ffb882f0000 - 0x00007ffb882ff000 	C:\Program Files\Java\jre1.8.0_201\bin\verify.dll
0x00007ffb87ae0000 - 0x00007ffb87b09000 	C:\Program Files\Java\jre1.8.0_201\bin\java.dll
0x00007ffb87ac0000 - 0x00007ffb87ad6000 	C:\Program Files\Java\jre1.8.0_201\bin\zip.dll
0x00007ffb8edc0000 - 0x00007ffb90200000 	C:\WINDOWS\System32\SHELL32.dll
0x00007ffb90940000 - 0x00007ffb909e9000 	C:\WINDOWS\System32\shcore.dll
0x00007ffb8cdf0000 - 0x00007ffb8d4fd000 	C:\WINDOWS\System32\windows.storage.dll
0x00007ffb8e3a0000 - 0x00007ffb8e3f1000 	C:\WINDOWS\System32\shlwapi.dll
0x00007ffb8cd90000 - 0x00007ffb8cda1000 	C:\WINDOWS\System32\kernel.appcore.dll
0x00007ffb8cdb0000 - 0x00007ffb8cdcf000 	C:\WINDOWS\System32\profapi.dll
0x00007ffb8cd40000 - 0x00007ffb8cd8c000 	C:\WINDOWS\System32\powrprof.dll
0x00007ffb8cd30000 - 0x00007ffb8cd3a000 	C:\WINDOWS\System32\FLTLIB.DLL

VM Arguments:
java_command: D:\Documenti\NetbeansProjects\jDECAF_ML\target\jDECAF_ML-1.0-SNAPSHOT-jar-with-dependencies.jar D:/PhD/Progetti/CodeSmells/jDecaf/data SpaghettiCode https://github.com/apache/manifoldcf.git incubating release-0.1-incubating D:/PhD/Progetti/CodeSmells/jDecaf/dataset/apache-incubating/tatsuyaoiw-manifoldcf-0.1_OK/Validated
java_class_path (initial): D:\Documenti\NetbeansProjects\jDECAF_ML\target\jDECAF_ML-1.0-SNAPSHOT-jar-with-dependencies.jar
Launcher Type: SUN_STANDARD

Environment Variables:
JAVA_HOME=C:\Program Files\Java\jdk1.8.0_201
PATH=C:\Program Files\Java\jdk1.8.0_201;C:\Program Files\apache-maven-3.6.0\bin;C:\Program Files (x86)\Common Files\Oracle\Java\javapath;C:\Perl\site\bin;C:\Perl\bin;C:\Perl64\site\bin;C:\Perl64\bin;C:\Program Files (x86)\Intel\iCLS Client\;C:\Program Files\Intel\iCLS Client\;C:\Windows\system32;C:\Windows;C:\Windows\System32\Wbem;C:\Windows\System32\WindowsPowerShell\v1.0\;C:\Program Files (x86)\NVIDIA Corporation\PhysX\Common;C:\Program Files (x86)\Intel\Intel(R) Management Engine Components\DAL;C:\Program Files\Intel\Intel(R) Management Engine Components\DAL;C:\Program Files (x86)\Intel\Intel(R) Management Engine Components\IPT;C:\Program Files\Intel\Intel(R) Management Engine Components\IPT;C:\xampp\php;C:\ProgramData\ComposerSetup\bin;C:\Program Files (x86)\Windows Live\Shared;C:\WINDOWS\system32;C:\WINDOWS;C:\WINDOWS\System32\Wbem;C:\WINDOWS\System32\WindowsPowerShell\v1.0\;C:\Program Files (x86)\MiKTeX 2.9\miktex\bin\;C:\Users\fably\jflex-1.6.1\jflex-1.6.1\bin;C:\Program Files\Git\cmd;C:\Program Files\PuTTY\;C:\Program Files (x86)\Skype\Phone\;C:\Program Files\nodejs\;C:\Program Files (x86)\Gpg4win\..\GnuPG\bin;C:\WINDOWS\System32\OpenSSH\;C:\Program Files\R\R-3.4.4\bin\x64;C:\Program Files\Amazon\AWSCLI\;C:\Program Files\apache-maven-3.6.0\bin;C:\ProgramData\Oracle\Java\javapath;C:\HashiCorp\Vagrant\bin;C:\Gradle\gradle-5.6.2\bin;C:\Program Files\Java\jdk1.8.0_201;C:\Program Files\apache-maven-3.6.0\bin;C:\Users\fably\AppData\Local\Programs\Python\Python37\Scripts\;C:\Users\fably\AppData\Local\Programs\Python\Python37\;C:\Users\fably\AppData\Roaming\Composer\vendor\bin;C:\Users\fably\AppData\Local\Microsoft\WindowsApps;C:\Users\fably\jflex-1.6.1\jflex-1.6.1\bin;C:\Program Files\Git\cmd;C:\Program Files\nodejs;C:\tools\android-sdk\platform-tools;C:\tools\android-sdk\tools;C:\tools\apache-ant-1.9.7\bin;C:\Users\fably\AppData\Roaming\npm;
USERNAME=fably
OS=Windows_NT
PROCESSOR_IDENTIFIER=Intel64 Family 6 Model 94 Stepping 3, GenuineIntel



---------------  S Y S T E M  ---------------

OS: Windows 10.0 , 64 bit Build 17134 (10.0.17134.753)

CPU:total 8 (initial active 8) (4 cores per cpu, 2 threads per core) family 6 model 94 stepping 3, cmov, cx8, fxsr, mmx, sse, sse2, sse3, ssse3, sse4.1, sse4.2, popcnt, avx, avx2, aes, clmul, erms, rtm, 3dnowpref, lzcnt, ht, tsc, tscinvbit, bmi1, bmi2, adx

Memory: 4k page, physical 16670924k(1617496k free), swap 32086632k(1286708k free)

vm_info: Java HotSpot(TM) 64-Bit Server VM (25.201-b09) for windows-amd64 JRE (1.8.0_201-b09), built on Dec 15 2018 18:36:39 by "java_re" with MS VC++ 10.0 (VS2010)

time: Thu Nov 14 22:19:13 2019
timezone: ora solare Europa occidentale
elapsed time: 56 seconds (0d 0h 0m 56s)

