#
# There is insufficient memory for the Java Runtime Environment to continue.
# Native memory allocation (malloc) failed to allocate 637216 bytes for Chunk::new
# Possible reasons:
#   The system is out of physical RAM or swap space
#   The process is running with CompressedOops enabled, and the Java Heap may be blocking the growth of the native heap
# Possible solutions:
#   Reduce memory load on the system
#   Increase physical memory or swap space
#   Check if swap backing store is full
#   Decrease Java heap size (-Xmx/-Xms)
#   Decrease number of Java threads
#   Decrease Java thread stack sizes (-Xss)
#   Set larger code cache with -XX:ReservedCodeCacheSize=
#   JVM is running with Zero Based Compressed Oops mode in which the Java heap is
#     placed in the first 32GB address space. The Java Heap base address is the
#     maximum limit for the native heap growth. Please use -XX:HeapBaseMinAddress
#     to set the Java Heap base and to place the Java Heap above 32GB virtual address.
# This output file may be truncated or incomplete.
#
#  Out of Memory Error (allocation.cpp:390), pid=11536, tid=0x0000000000001444
#
# JRE version: Java(TM) SE Runtime Environment (8.0_201-b09) (build 1.8.0_201-b09)
# Java VM: Java HotSpot(TM) 64-Bit Server VM (25.201-b09 mixed mode windows-amd64 compressed oops)
# Failed to write core dump. Minidumps are not enabled by default on client versions of Windows
#

---------------  T H R E A D  ---------------

Current thread (0x000000001e8ac000):  JavaThread "C2 CompilerThread0" daemon [_thread_in_native, id=5188, stack(0x000000001f090000,0x000000001f190000)]

Stack: [0x000000001f090000,0x000000001f190000]
[error occurred during error reporting (printing stack bounds), id 0xc0000005]

Native frames: (J=compiled Java code, j=interpreted, Vv=VM code, C=native code)


Current CompileTask:
C2:  55850 2893   !   4       org.eclipse.jdt.internal.compiler.parser.Scanner::getNextToken0 (3676 bytes)


---------------  P R O C E S S  ---------------

Java Threads: ( => current thread )
  0x000000001e91b800 JavaThread "Service Thread" daemon [_thread_blocked, id=26900, stack(0x000000001f490000,0x000000001f590000)]
  0x000000001e910800 JavaThread "C1 CompilerThread3" daemon [_thread_blocked, id=18692, stack(0x000000001f390000,0x000000001f490000)]
  0x000000001e90d000 JavaThread "C2 CompilerThread2" daemon [_thread_blocked, id=7184, stack(0x000000001f290000,0x000000001f390000)]
  0x000000001e8ba800 JavaThread "C2 CompilerThread1" daemon [_thread_blocked, id=4048, stack(0x000000001f190000,0x000000001f290000)]
=>0x000000001e8ac000 JavaThread "C2 CompilerThread0" daemon [_thread_in_native, id=5188, stack(0x000000001f090000,0x000000001f190000)]
  0x000000001e8aa800 JavaThread "Attach Listener" daemon [_thread_blocked, id=3540, stack(0x000000001ef90000,0x000000001f090000)]
  0x000000001e8a9000 JavaThread "Signal Dispatcher" daemon [_thread_blocked, id=23404, stack(0x000000001ee90000,0x000000001ef90000)]
  0x000000001e8a0800 JavaThread "Finalizer" daemon [_thread_blocked, id=1524, stack(0x000000001ec80000,0x000000001ed80000)]
  0x000000001c9bd000 JavaThread "Reference Handler" daemon [_thread_blocked, id=23064, stack(0x000000001e780000,0x000000001e880000)]
  0x0000000002e32800 JavaThread "main" [_thread_in_Java, id=7888, stack(0x0000000002d30000,0x0000000002e30000)]

Other Threads:
  0x000000001c9ba000 VMThread [stack: 0x000000001e680000,0x000000001e780000] [id=11596]
  0x000000001e920000 WatcherThread [stack: 0x000000001f590000,0x000000001f690000] [id=24960]

VM state:not at safepoint (normal execution)

VM Mutex/Monitor currently owned by a thread: None

heap address: 0x00000006c1800000, size: 4072 MB, Compressed Oops mode: Zero based, Oop shift amount: 3
Narrow klass base: 0x0000000000000000, Narrow klass shift: 3
Compressed class space size: 1073741824 Address: 0x00000007c0000000

Heap:
 PSYoungGen      total 577024K, used 268990K [0x000000076b300000, 0x0000000792000000, 0x00000007c0000000)
  eden space 521216K, 44% used [0x000000076b300000,0x000000077953af40,0x000000078b000000)
  from space 55808K, 66% used [0x000000078b000000,0x000000078d4749e0,0x000000078e680000)
  to   space 52736K, 0% used [0x000000078e680000,0x000000078e680000,0x0000000791a00000)
 ParOldGen       total 175104K, used 89666K [0x00000006c1800000, 0x00000006cc300000, 0x000000076b300000)
  object space 175104K, 51% used [0x00000006c1800000,0x00000006c6f909f0,0x00000006cc300000)
 Metaspace       used 11458K, capacity 11602K, committed 11904K, reserved 1060864K
  class space    used 1019K, capacity 1075K, committed 1152K, reserved 1048576K

Card table byte_map: [0x00000000122f0000,0x0000000012af0000] byte_map_base: 0x000000000ece4000

Marking Bits: (ParMarkBitMap*) 0x0000000072ac4ce0
 Begin Bits: [0x0000000013840000, 0x00000000177e0000)
 End Bits:   [0x00000000177e0000, 0x000000001b780000)

Polling page: 0x0000000001270000

CodeCache: size=245760Kb used=11504Kb max_used=13195Kb free=234255Kb
 bounds [0x0000000002f30000, 0x0000000003c30000, 0x0000000011f30000]
 total_blobs=2571 nmethods=2262 adapters=218
 compilation: enabled

Compilation events (10 events):
Event: 53.747 Thread 0x000000001e8ba800 2889   !   4       org.eclipse.jdt.core.dom.ConditionalExpression::getThenExpression (61 bytes)
Event: 53.747 Thread 0x000000001e8ac000 2890   !   4       org.eclipse.jdt.core.dom.ConditionalExpression::getElseExpression (61 bytes)
Event: 53.747 Thread 0x000000001e8ba800 nmethod 2889 0x00000000034f6850 code [0x00000000034f6980, 0x00000000034f69f8]
Event: 53.747 Thread 0x000000001e8ac000 nmethod 2890 0x0000000003563410 code [0x0000000003563540, 0x00000000035635b8]
Event: 53.747 Thread 0x000000001e90d000 nmethod 2888 0x00000000039d6b10 code [0x00000000039d6c40, 0x00000000039d6cb8]
Event: 53.773 Thread 0x000000001e8ba800 2891       4       org.eclipse.jdt.internal.compiler.parser.Parser::consumeMethodHeaderThrowsClause (117 bytes)
Event: 53.778 Thread 0x000000001e8ba800 nmethod 2891 0x00000000033b9fd0 code [0x00000000033ba120, 0x00000000033ba558]
Event: 53.787 Thread 0x000000001e910800 2892 % !   3       org.eclipse.jdt.internal.compiler.parser.Scanner::getNextToken0 @ 2389 (3676 bytes)
Event: 53.803 Thread 0x000000001e910800 nmethod 2892% 0x00000000032a6490 code [0x00000000032a7000, 0x00000000032b15b8]
Event: 53.803 Thread 0x000000001e8ac000 2893   !   4       org.eclipse.jdt.internal.compiler.parser.Scanner::getNextToken0 (3676 bytes)

GC Heap History (10 events):
Event: 17.282 GC heap before
{Heap before GC invocations=3 (full 0):
 PSYoungGen      total 141824K, used 141803K [0x000000076b300000, 0x0000000774800000, 0x00000007c0000000)
  eden space 131072K, 100% used [0x000000076b300000,0x0000000773300000,0x0000000773300000)
  from space 10752K, 99% used [0x0000000773d80000,0x00000007747faee8,0x0000000774800000)
  to   space 10752K, 0% used [0x0000000773300000,0x0000000773300000,0x0000000773d80000)
 ParOldGen       total 175104K, used 8871K [0x00000006c1800000, 0x00000006cc300000, 0x000000076b300000)
  object space 175104K, 5% used [0x00000006c1800000,0x00000006c20a9df8,0x00000006cc300000)
 Metaspace       used 11150K, capacity 11378K, committed 11648K, reserved 1060864K
  class space    used 1016K, capacity 1043K, committed 1152K, reserved 1048576K
Event: 17.991 GC heap after
Heap after GC invocations=3 (full 0):
 PSYoungGen      total 141824K, used 10727K [0x000000076b300000, 0x000000077c800000, 0x00000007c0000000)
  eden space 131072K, 0% used [0x000000076b300000,0x000000076b300000,0x0000000773300000)
  from space 10752K, 99% used [0x0000000773300000,0x0000000773d79f88,0x0000000773d80000)
  to   space 10752K, 0% used [0x000000077bd80000,0x000000077bd80000,0x000000077c800000)
 ParOldGen       total 175104K, used 28641K [0x00000006c1800000, 0x00000006cc300000, 0x000000076b300000)
  object space 175104K, 16% used [0x00000006c1800000,0x00000006c33f85b8,0x00000006cc300000)
 Metaspace       used 11150K, capacity 11378K, committed 11648K, reserved 1060864K
  class space    used 1016K, capacity 1043K, committed 1152K, reserved 1048576K
}
Event: 20.174 GC heap before
{Heap before GC invocations=4 (full 0):
 PSYoungGen      total 141824K, used 141799K [0x000000076b300000, 0x000000077c800000, 0x00000007c0000000)
  eden space 131072K, 100% used [0x000000076b300000,0x0000000773300000,0x0000000773300000)
  from space 10752K, 99% used [0x0000000773300000,0x0000000773d79f88,0x0000000773d80000)
  to   space 10752K, 0% used [0x000000077bd80000,0x000000077bd80000,0x000000077c800000)
 ParOldGen       total 175104K, used 28641K [0x00000006c1800000, 0x00000006cc300000, 0x000000076b300000)
  object space 175104K, 16% used [0x00000006c1800000,0x00000006c33f85b8,0x00000006cc300000)
 Metaspace       used 11199K, capacity 11378K, committed 11648K, reserved 1060864K
  class space    used 1016K, capacity 1043K, committed 1152K, reserved 1048576K
Event: 21.706 GC heap after
Heap after GC invocations=4 (full 0):
 PSYoungGen      total 272896K, used 10722K [0x000000076b300000, 0x000000077c800000, 0x00000007c0000000)
  eden space 262144K, 0% used [0x000000076b300000,0x000000076b300000,0x000000077b300000)
  from space 10752K, 99% used [0x000000077bd80000,0x000000077c7f8960,0x000000077c800000)
  to   space 10752K, 0% used [0x000000077b300000,0x000000077b300000,0x000000077bd80000)
 ParOldGen       total 175104K, used 49691K [0x00000006c1800000, 0x00000006cc300000, 0x000000076b300000)
  object space 175104K, 28% used [0x00000006c1800000,0x00000006c4886f10,0x00000006cc300000)
 Metaspace       used 11199K, capacity 11378K, committed 11648K, reserved 1060864K
  class space    used 1016K, capacity 1043K, committed 1152K, reserved 1048576K
}
Event: 32.826 GC heap before
{Heap before GC invocations=5 (full 0):
 PSYoungGen      total 272896K, used 272611K [0x000000076b300000, 0x000000077c800000, 0x00000007c0000000)
  eden space 262144K, 99% used [0x000000076b300000,0x000000077b2c0630,0x000000077b300000)
  from space 10752K, 99% used [0x000000077bd80000,0x000000077c7f8960,0x000000077c800000)
  to   space 10752K, 0% used [0x000000077b300000,0x000000077b300000,0x000000077bd80000)
 ParOldGen       total 175104K, used 49691K [0x00000006c1800000, 0x00000006cc300000, 0x000000076b300000)
  object space 175104K, 28% used [0x00000006c1800000,0x00000006c4886f10,0x00000006cc300000)
 Metaspace       used 11305K, capacity 11474K, committed 11648K, reserved 1060864K
  class space    used 1017K, capacity 1075K, committed 1152K, reserved 1048576K
Event: 33.424 GC heap after
Heap after GC invocations=5 (full 0):
 PSYoungGen      total 272896K, used 10724K [0x000000076b300000, 0x0000000791a00000, 0x00000007c0000000)
  eden space 262144K, 0% used [0x000000076b300000,0x000000076b300000,0x000000077b300000)
  from space 10752K, 99% used [0x000000077b300000,0x000000077bd792b8,0x000000077bd80000)
  to   space 52736K, 0% used [0x000000078e680000,0x000000078e680000,0x0000000791a00000)
 ParOldGen       total 175104K, used 86062K [0x00000006c1800000, 0x00000006cc300000, 0x000000076b300000)
  object space 175104K, 49% used [0x00000006c1800000,0x00000006c6c0bb20,0x00000006cc300000)
 Metaspace       used 11305K, capacity 11474K, committed 11648K, reserved 1060864K
  class space    used 1017K, capacity 1075K, committed 1152K, reserved 1048576K
}
Event: 41.150 GC heap before
{Heap before GC invocations=6 (full 0):
 PSYoungGen      total 272896K, used 272868K [0x000000076b300000, 0x0000000791a00000, 0x00000007c0000000)
  eden space 262144K, 100% used [0x000000076b300000,0x000000077b300000,0x000000077b300000)
  from space 10752K, 99% used [0x000000077b300000,0x000000077bd792b8,0x000000077bd80000)
  to   space 52736K, 0% used [0x000000078e680000,0x000000078e680000,0x0000000791a00000)
 ParOldGen       total 175104K, used 86062K [0x00000006c1800000, 0x00000006cc300000, 0x000000076b300000)
  object space 175104K, 49% used [0x00000006c1800000,0x00000006c6c0bb20,0x00000006cc300000)
 Metaspace       used 11405K, capacity 11602K, committed 11904K, reserved 1060864K
  class space    used 1019K, capacity 1075K, committed 1152K, reserved 1048576K
Event: 42.110 GC heap after
Heap after GC invocations=6 (full 0):
 PSYoungGen      total 573952K, used 40442K [0x000000076b300000, 0x0000000792000000, 0x00000007c0000000)
  eden space 521216K, 0% used [0x000000076b300000,0x000000076b300000,0x000000078b000000)
  from space 52736K, 76% used [0x000000078e680000,0x0000000790dfe968,0x0000000791a00000)
  to   space 55808K, 0% used [0x000000078b000000,0x000000078b000000,0x000000078e680000)
 ParOldGen       total 175104K, used 86070K [0x00000006c1800000, 0x00000006cc300000, 0x000000076b300000)
  object space 175104K, 49% used [0x00000006c1800000,0x00000006c6c0db20,0x00000006cc300000)
 Metaspace       used 11405K, capacity 11602K, committed 11904K, reserved 1060864K
  class space    used 1019K, capacity 1075K, committed 1152K, reserved 1048576K
}
Event: 49.605 GC heap before
{Heap before GC invocations=7 (full 0):
 PSYoungGen      total 573952K, used 561658K [0x000000076b300000, 0x0000000792000000, 0x00000007c0000000)
  eden space 521216K, 100% used [0x000000076b300000,0x000000078b000000,0x000000078b000000)
  from space 52736K, 76% used [0x000000078e680000,0x0000000790dfe968,0x0000000791a00000)
  to   space 55808K, 0% used [0x000000078b000000,0x000000078b000000,0x000000078e680000)
 ParOldGen       total 175104K, used 86070K [0x00000006c1800000, 0x00000006cc300000, 0x000000076b300000)
  object space 175104K, 49% used [0x00000006c1800000,0x00000006c6c0db20,0x00000006cc300000)
 Metaspace       used 11455K, capacity 11602K, committed 11904K, reserved 1060864K
  class space    used 1019K, capacity 1075K, committed 1152K, reserved 1048576K
Event: 51.995 GC heap after
Heap after GC invocations=7 (full 0):
 PSYoungGen      total 577024K, used 37330K [0x000000076b300000, 0x0000000792000000, 0x00000007c0000000)
  eden space 521216K, 0% used [0x000000076b300000,0x000000076b300000,0x000000078b000000)
  from space 55808K, 66% used [0x000000078b000000,0x000000078d4749e0,0x000000078e680000)
  to   space 52736K, 0% used [0x000000078e680000,0x000000078e680000,0x0000000791a00000)
 ParOldGen       total 175104K, used 89666K [0x00000006c1800000, 0x00000006cc300000, 0x000000076b300000)
  object space 175104K, 51% used [0x00000006c1800000,0x00000006c6f909f0,0x00000006cc300000)
 Metaspace       used 11455K, capacity 11602K, committed 11904K, reserved 1060864K
  class space    used 1019K, capacity 1075K, committed 1152K, reserved 1048576K
}

Deoptimization events (10 events):
Event: 39.517 Thread 0x0000000002e32800 Uncommon trap: reason=class_check action=maybe_recompile pc=0x00000000032287c4 method=java.util.regex.Pattern$BmpCharProperty.match(Ljava/util/regex/Matcher;ILjava/lang/CharSequence;)Z @ 31
Event: 39.523 Thread 0x0000000002e32800 Uncommon trap: reason=predicate action=maybe_recompile pc=0x00000000032250dc method=java.util.regex.Pattern$Slice.match(Ljava/util/regex/Matcher;ILjava/lang/CharSequence;)Z @ 21
Event: 39.524 Thread 0x0000000002e32800 Uncommon trap: reason=bimorphic action=maybe_recompile pc=0x00000000035cd13c method=java.util.regex.Pattern$Start.match(Ljava/util/regex/Matcher;ILjava/lang/CharSequence;)Z @ 44
Event: 39.548 Thread 0x0000000002e32800 Uncommon trap: reason=unstable_if action=reinterpret pc=0x0000000003acfae8 method=java.util.regex.Pattern$Branch.match(Ljava/util/regex/Matcher;ILjava/lang/CharSequence;)Z @ 19
Event: 39.551 Thread 0x0000000002e32800 Uncommon trap: reason=bimorphic action=maybe_recompile pc=0x00000000035cd13c method=java.util.regex.Pattern$Start.match(Ljava/util/regex/Matcher;ILjava/lang/CharSequence;)Z @ 44
Event: 39.672 Thread 0x0000000002e32800 Uncommon trap: reason=bimorphic action=maybe_recompile pc=0x00000000035cd13c method=java.util.regex.Pattern$Start.match(Ljava/util/regex/Matcher;ILjava/lang/CharSequence;)Z @ 44
Event: 42.189 Thread 0x0000000002e32800 Uncommon trap: reason=unstable_if action=reinterpret pc=0x0000000003ab52c0 method=org.eclipse.jdt.internal.compiler.parser.Scanner.getNextToken0()I @ 1670
Event: 43.945 Thread 0x0000000002e32800 Uncommon trap: reason=unstable_if action=reinterpret pc=0x000000000396f134 method=org.eclipse.jdt.core.dom.DefaultCommentMapper.initialize(Lorg/eclipse/jdt/core/dom/CompilationUnit;Lorg/eclipse/jdt/internal/compiler/parser/Scanner;)V @ 76
Event: 44.713 Thread 0x0000000002e32800 Uncommon trap: reason=unstable_if action=reinterpret pc=0x0000000003bb07f0 method=org.eclipse.jdt.internal.compiler.parser.Scanner.getNextToken0()I @ 203
Event: 53.787 Thread 0x0000000002e32800 Uncommon trap: reason=unstable_if action=reinterpret pc=0x0000000003bf5294 method=org.eclipse.jdt.internal.compiler.parser.Scanner.getNextToken0()I @ 835

Classes redefined (0 events):
No events

Internal exceptions (10 events):
Event: 43.408 Thread 0x0000000002e32800 Exception <a 'java/lang/ArrayIndexOutOfBoundsException'> (0x00000007702b92f8) thrown at [C:\re\workspace\8-2-build-windows-amd64-cygwin\jdk8u201\12322\hotspot\src\share\vm\runtime\sharedRuntime.cpp, line 605]
Event: 43.595 Thread 0x0000000002e32800 Exception <a 'java/lang/ArrayIndexOutOfBoundsException'> (0x0000000771d8b8a0) thrown at [C:\re\workspace\8-2-build-windows-amd64-cygwin\jdk8u201\12322\hotspot\src\share\vm\runtime\sharedRuntime.cpp, line 605]
Event: 43.601 Thread 0x0000000002e32800 Exception <a 'java/lang/ArrayIndexOutOfBoundsException'> (0x00000007720018b8) thrown at [C:\re\workspace\8-2-build-windows-amd64-cygwin\jdk8u201\12322\hotspot\src\share\vm\runtime\sharedRuntime.cpp, line 605]
Event: 43.649 Thread 0x0000000002e32800 Exception <a 'java/lang/ArrayIndexOutOfBoundsException'> (0x000000077223d588) thrown at [C:\re\workspace\8-2-build-windows-amd64-cygwin\jdk8u201\12322\hotspot\src\share\vm\runtime\sharedRuntime.cpp, line 605]
Event: 43.651 Thread 0x0000000002e32800 Exception <a 'java/lang/ArrayIndexOutOfBoundsException'> (0x00000007723003e0) thrown at [C:\re\workspace\8-2-build-windows-amd64-cygwin\jdk8u201\12322\hotspot\src\share\vm\runtime\sharedRuntime.cpp, line 605]
Event: 43.685 Thread 0x0000000002e32800 Exception <a 'java/lang/ArrayIndexOutOfBoundsException'> (0x0000000772762158) thrown at [C:\re\workspace\8-2-build-windows-amd64-cygwin\jdk8u201\12322\hotspot\src\share\vm\runtime\sharedRuntime.cpp, line 605]
Event: 43.687 Thread 0x0000000002e32800 Exception <a 'java/lang/ArrayIndexOutOfBoundsException'> (0x0000000772822898) thrown at [C:\re\workspace\8-2-build-windows-amd64-cygwin\jdk8u201\12322\hotspot\src\share\vm\runtime\sharedRuntime.cpp, line 605]
Event: 43.701 Thread 0x0000000002e32800 Exception <a 'java/lang/ArrayIndexOutOfBoundsException'> (0x0000000772adff30) thrown at [C:\re\workspace\8-2-build-windows-amd64-cygwin\jdk8u201\12322\hotspot\src\share\vm\runtime\sharedRuntime.cpp, line 605]
Event: 53.797 Thread 0x0000000002e32800 Exception <a 'java/lang/ArrayIndexOutOfBoundsException': 1928> (0x0000000778608ae0) thrown at [C:\re\workspace\8-2-build-windows-amd64-cygwin\jdk8u201\12322\hotspot\src\share\vm\interpreter\interpreterRuntime.cpp, line 368]
Event: 53.805 Thread 0x0000000002e32800 Exception <a 'java/lang/ArrayIndexOutOfBoundsException': 109736> (0x0000000778768790) thrown at [C:\re\workspace\8-2-build-windows-amd64-cygwin\jdk8u201\12322\hotspot\src\share\vm\interpreter\interpreterRuntime.cpp, line 368]

Events (10 events):
Event: 53.334 Thread 0x000000001e910800 flushing nmethod 0x000000000388f9d0
Event: 53.334 Thread 0x000000001e910800 flushing nmethod 0x00000000038ba390
Event: 53.334 Thread 0x000000001e910800 flushing nmethod 0x00000000038c2650
Event: 53.334 Thread 0x000000001e910800 flushing nmethod 0x00000000038dfed0
Event: 53.334 Thread 0x000000001e910800 flushing nmethod 0x00000000039065d0
Event: 53.577 Thread 0x0000000002e32800 DEOPT PACKING pc=0x00000000034597e6 sp=0x0000000002e2e930
Event: 53.577 Thread 0x0000000002e32800 DEOPT UNPACKING pc=0x0000000002f77890 sp=0x0000000002e2e678 mode 0
Event: 53.787 Thread 0x0000000002e32800 Uncommon trap: trap_request=0xffffff65 fr.pc=0x0000000003bf5294
Event: 53.787 Thread 0x0000000002e32800 DEOPT PACKING pc=0x0000000003bf5294 sp=0x0000000002e2e980
Event: 53.787 Thread 0x0000000002e32800 DEOPT UNPACKING pc=0x0000000002f7583b sp=0x0000000002e2e930 mode 2


Dynamic libraries:
0x00007ff69ece0000 - 0x00007ff69ed17000 	C:\Program Files (x86)\Common Files\Oracle\Java\javapath\java.exe
0x00007ffb90a20000 - 0x00007ffb90c01000 	C:\WINDOWS\SYSTEM32\ntdll.dll
0x00007ffb90380000 - 0x00007ffb90431000 	C:\WINDOWS\System32\KERNEL32.DLL
0x00007ffb8d7b0000 - 0x00007ffb8da23000 	C:\WINDOWS\System32\KERNELBASE.dll
0x00007ffb8e600000 - 0x00007ffb8e6a1000 	C:\WINDOWS\System32\ADVAPI32.dll
0x00007ffb90440000 - 0x00007ffb904de000 	C:\WINDOWS\System32\msvcrt.dll
0x00007ffb90780000 - 0x00007ffb907db000 	C:\WINDOWS\System32\sechost.dll
0x00007ffb8ec90000 - 0x00007ffb8edb4000 	C:\WINDOWS\System32\RPCRT4.dll
0x00007ffb8e6b0000 - 0x00007ffb8e840000 	C:\WINDOWS\System32\USER32.dll
0x00007ffb8de90000 - 0x00007ffb8deb0000 	C:\WINDOWS\System32\win32u.dll
0x00007ffb8e5c0000 - 0x00007ffb8e5e8000 	C:\WINDOWS\System32\GDI32.dll
0x00007ffb8da30000 - 0x00007ffb8dbc1000 	C:\WINDOWS\System32\gdi32full.dll
0x00007ffb8d500000 - 0x00007ffb8d59f000 	C:\WINDOWS\System32\msvcp_win.dll
0x00007ffb8d5a0000 - 0x00007ffb8d698000 	C:\WINDOWS\System32\ucrtbase.dll
0x00007ffb7d0b0000 - 0x00007ffb7d319000 	C:\WINDOWS\WinSxS\amd64_microsoft.windows.common-controls_6595b64144ccf1df_6.0.17134.885_none_fb42a3473065565f\COMCTL32.dll
0x00007ffb8dec0000 - 0x00007ffb8e1e2000 	C:\WINDOWS\System32\combase.dll
0x00007ffb8dbd0000 - 0x00007ffb8dc49000 	C:\WINDOWS\System32\bcryptPrimitives.dll
0x00007ffb90540000 - 0x00007ffb9056d000 	C:\WINDOWS\System32\IMM32.DLL
0x0000000072b50000 - 0x0000000072c21000 	C:\Program Files\Java\jre1.8.0_201\bin\msvcr100.dll
0x00000000722a0000 - 0x0000000072b44000 	C:\Program Files\Java\jre1.8.0_201\bin\server\jvm.dll
0x00007ffb8deb0000 - 0x00007ffb8deb8000 	C:\WINDOWS\System32\PSAPI.DLL
0x00007ffb8b950000 - 0x00007ffb8b959000 	C:\WINDOWS\SYSTEM32\WSOCK32.dll
0x00007ffb905d0000 - 0x00007ffb9063c000 	C:\WINDOWS\System32\WS2_32.dll
0x00007ffb892a0000 - 0x00007ffb892c3000 	C:\WINDOWS\SYSTEM32\WINMM.dll
0x00007ffb7ed00000 - 0x00007ffb7ed0a000 	C:\WINDOWS\SYSTEM32\VERSION.dll
0x00007ffb88fa0000 - 0x00007ffb88fca000 	C:\WINDOWS\SYSTEM32\WINMMBASE.dll
0x00007ffb8de40000 - 0x00007ffb8de89000 	C:\WINDOWS\System32\cfgmgr32.dll
0x00007ffb882f0000 - 0x00007ffb882ff000 	C:\Program Files\Java\jre1.8.0_201\bin\verify.dll
0x00007ffb87ae0000 - 0x00007ffb87b09000 	C:\Program Files\Java\jre1.8.0_201\bin\java.dll
0x00007ffb87ac0000 - 0x00007ffb87ad6000 	C:\Program Files\Java\jre1.8.0_201\bin\zip.dll
0x00007ffb8edc0000 - 0x00007ffb90200000 	C:\WINDOWS\System32\SHELL32.dll
0x00007ffb90940000 - 0x00007ffb909e9000 	C:\WINDOWS\System32\shcore.dll
0x00007ffb8cdf0000 - 0x00007ffb8d4fd000 	C:\WINDOWS\System32\windows.storage.dll
0x00007ffb8e3a0000 - 0x00007ffb8e3f1000 	C:\WINDOWS\System32\shlwapi.dll
0x00007ffb8cd90000 - 0x00007ffb8cda1000 	C:\WINDOWS\System32\kernel.appcore.dll
0x00007ffb8cdb0000 - 0x00007ffb8cdcf000 	C:\WINDOWS\System32\profapi.dll
0x00007ffb8cd40000 - 0x00007ffb8cd8c000 	C:\WINDOWS\System32\powrprof.dll
0x00007ffb8cd30000 - 0x00007ffb8cd3a000 	C:\WINDOWS\System32\FLTLIB.DLL

VM Arguments:
java_command: D:\Documenti\NetbeansProjects\jDECAF_ML\target\jDECAF_ML-1.0-SNAPSHOT-jar-with-dependencies.jar D:/PhD/Progetti/CodeSmells/jDecaf/data LargeClass https://github.com/apache/manifoldcf.git incubating release-0.1-incubating D:/PhD/Progetti/CodeSmells/jDecaf/dataset/apache-incubating/tatsuyaoiw-manifoldcf-0.1_OK/Validated
java_class_path (initial): D:\Documenti\NetbeansProjects\jDECAF_ML\target\jDECAF_ML-1.0-SNAPSHOT-jar-with-dependencies.jar
Launcher Type: SUN_STANDARD

Environment Variables:
JAVA_HOME=C:\Program Files\Java\jdk1.8.0_201
PATH=C:\Program Files\Java\jdk1.8.0_201;C:\Program Files\apache-maven-3.6.0\bin;C:\Program Files (x86)\Common Files\Oracle\Java\javapath;C:\Perl\site\bin;C:\Perl\bin;C:\Perl64\site\bin;C:\Perl64\bin;C:\Program Files (x86)\Intel\iCLS Client\;C:\Program Files\Intel\iCLS Client\;C:\Windows\system32;C:\Windows;C:\Windows\System32\Wbem;C:\Windows\System32\WindowsPowerShell\v1.0\;C:\Program Files (x86)\NVIDIA Corporation\PhysX\Common;C:\Program Files (x86)\Intel\Intel(R) Management Engine Components\DAL;C:\Program Files\Intel\Intel(R) Management Engine Components\DAL;C:\Program Files (x86)\Intel\Intel(R) Management Engine Components\IPT;C:\Program Files\Intel\Intel(R) Management Engine Components\IPT;C:\xampp\php;C:\ProgramData\ComposerSetup\bin;C:\Program Files (x86)\Windows Live\Shared;C:\WINDOWS\system32;C:\WINDOWS;C:\WINDOWS\System32\Wbem;C:\WINDOWS\System32\WindowsPowerShell\v1.0\;C:\Program Files (x86)\MiKTeX 2.9\miktex\bin\;C:\Users\fably\jflex-1.6.1\jflex-1.6.1\bin;C:\Program Files\Git\cmd;C:\Program Files\PuTTY\;C:\Program Files (x86)\Skype\Phone\;C:\Program Files\nodejs\;C:\Program Files (x86)\Gpg4win\..\GnuPG\bin;C:\WINDOWS\System32\OpenSSH\;C:\Program Files\R\R-3.4.4\bin\x64;C:\Program Files\Amazon\AWSCLI\;C:\Program Files\apache-maven-3.6.0\bin;C:\ProgramData\Oracle\Java\javapath;C:\HashiCorp\Vagrant\bin;C:\Gradle\gradle-5.6.2\bin;C:\Program Files\Java\jdk1.8.0_201;C:\Program Files\apache-maven-3.6.0\bin;C:\Users\fably\AppData\Local\Programs\Python\Python37\Scripts\;C:\Users\fably\AppData\Local\Programs\Python\Python37\;C:\Users\fably\AppData\Roaming\Composer\vendor\bin;C:\Users\fably\AppData\Local\Microsoft\WindowsApps;C:\Users\fably\jflex-1.6.1\jflex-1.6.1\bin;C:\Program Files\Git\cmd;C:\Program Files\nodejs;C:\tools\android-sdk\platform-tools;C:\tools\android-sdk\tools;C:\tools\apache-ant-1.9.7\bin;C:\Users\fably\AppData\Roaming\npm;
USERNAME=fably
OS=Windows_NT
PROCESSOR_IDENTIFIER=Intel64 Family 6 Model 94 Stepping 3, GenuineIntel



---------------  S Y S T E M  ---------------

OS: Windows 10.0 , 64 bit Build 17134 (10.0.17134.753)

CPU:total 8 (initial active 8) (4 cores per cpu, 2 threads per core) family 6 model 94 stepping 3, cmov, cx8, fxsr, mmx, sse, sse2, sse3, ssse3, sse4.1, sse4.2, popcnt, avx, avx2, aes, clmul, erms, rtm, 3dnowpref, lzcnt, ht, tsc, tscinvbit, bmi1, bmi2, adx

Memory: 4k page, physical 16670924k(468896k free), swap 32086632k(64k free)

vm_info: Java HotSpot(TM) 64-Bit Server VM (25.201-b09) for windows-amd64 JRE (1.8.0_201-b09), built on Dec 15 2018 18:36:39 by "java_re" with MS VC++ 10.0 (VS2010)

time: Thu Nov 14 22:19:12 2019
timezone: ora solare Europa occidentale
elapsed time: 55 seconds (0d 0h 0m 55s)

