#
# There is insufficient memory for the Java Runtime Environment to continue.
# Native memory allocation (malloc) failed to allocate 32744 bytes for ChunkPool::allocate
# Possible reasons:
#   The system is out of physical RAM or swap space
#   The process is running with CompressedOops enabled, and the Java Heap may be blocking the growth of the native heap
# Possible solutions:
#   Reduce memory load on the system
#   Increase physical memory or swap space
#   Check if swap backing store is full
#   Decrease Java heap size (-Xmx/-Xms)
#   Decrease number of Java threads
#   Decrease Java thread stack sizes (-Xss)
#   Set larger code cache with -XX:ReservedCodeCacheSize=
#   JVM is running with Zero Based Compressed Oops mode in which the Java heap is
#     placed in the first 32GB address space. The Java Heap base address is the
#     maximum limit for the native heap growth. Please use -XX:HeapBaseMinAddress
#     to set the Java Heap base and to place the Java Heap above 32GB virtual address.
# This output file may be truncated or incomplete.
#
#  Out of Memory Error (allocation.cpp:273), pid=17956, tid=0x00000000000065bc
#
# JRE version: Java(TM) SE Runtime Environment (8.0_201-b09) (build 1.8.0_201-b09)
# Java VM: Java HotSpot(TM) 64-Bit Server VM (25.201-b09 mixed mode windows-amd64 compressed oops)
# Failed to write core dump. Minidumps are not enabled by default on client versions of Windows
#

---------------  T H R E A D  ---------------

Current thread (0x000000001e221800):  JavaThread "C2 CompilerThread2" daemon [_thread_in_native, id=26044, stack(0x000000001ec00000,0x000000001ed00000)]

Stack: [0x000000001ec00000,0x000000001ed00000]
[error occurred during error reporting (printing stack bounds), id 0xc0000005]

Native frames: (J=compiled Java code, j=interpreted, Vv=VM code, C=native code)


Current CompileTask:
C2:  55241 2774       4       org.eclipse.jdt.core.dom.ASTConverter::convert (1383 bytes)


---------------  P R O C E S S  ---------------

Java Threads: ( => current thread )
  0x000000001e22e800 JavaThread "Service Thread" daemon [_thread_blocked, id=24732, stack(0x000000001ee00000,0x000000001ef00000)]
  0x000000001e225800 JavaThread "C1 CompilerThread3" daemon [_thread_blocked, id=21868, stack(0x000000001ed00000,0x000000001ee00000)]
=>0x000000001e221800 JavaThread "C2 CompilerThread2" daemon [_thread_in_native, id=26044, stack(0x000000001ec00000,0x000000001ed00000)]
  0x000000001e21e800 JavaThread "C2 CompilerThread1" daemon [_thread_blocked, id=10916, stack(0x000000001eb00000,0x000000001ec00000)]
  0x000000001e21b800 JavaThread "C2 CompilerThread0" daemon [_thread_blocked, id=22628, stack(0x000000001ea00000,0x000000001eb00000)]
  0x000000001e21a000 JavaThread "Attach Listener" daemon [_thread_blocked, id=23604, stack(0x000000001e900000,0x000000001ea00000)]
  0x000000001e219800 JavaThread "Signal Dispatcher" daemon [_thread_blocked, id=6816, stack(0x000000001e800000,0x000000001e900000)]
  0x0000000002889800 JavaThread "Finalizer" daemon [_thread_blocked, id=15956, stack(0x000000001e5f0000,0x000000001e6f0000)]
  0x0000000002886000 JavaThread "Reference Handler" daemon [_thread_blocked, id=8148, stack(0x000000001e0f0000,0x000000001e1f0000)]
  0x0000000002792800 JavaThread "main" [_thread_in_vm, id=14516, stack(0x0000000002570000,0x0000000002670000)]

Other Threads:
  0x000000001c319800 VMThread [stack: 0x000000001dff0000,0x000000001e0f0000] [id=21188]
  0x000000001e237000 WatcherThread [stack: 0x000000001ef00000,0x000000001f000000] [id=6476]

VM state:synchronizing (normal execution)

VM Mutex/Monitor currently owned by a thread:  ([mutex/lock_event])
[0x000000000268d9e0] Threads_lock - owner thread: 0x000000001c319800

heap address: 0x00000006c1800000, size: 4072 MB, Compressed Oops mode: Zero based, Oop shift amount: 3
Narrow klass base: 0x0000000000000000, Narrow klass shift: 3
Compressed class space size: 1073741824 Address: 0x00000007c0000000

Heap:
 PSYoungGen      total 574976K, used 478715K [0x000000076b300000, 0x0000000792200000, 0x00000007c0000000)
  eden space 521216K, 83% used [0x000000076b300000,0x0000000785e5e990,0x000000078b000000)
  from space 53760K, 76% used [0x000000078e780000,0x0000000790fa0298,0x0000000791c00000)
  to   space 56832K, 0% used [0x000000078b000000,0x000000078b000000,0x000000078e780000)
 ParOldGen       total 175104K, used 87526K [0x00000006c1800000, 0x00000006cc300000, 0x000000076b300000)
  object space 175104K, 49% used [0x00000006c1800000,0x00000006c6d79818,0x00000006cc300000)
 Metaspace       used 11427K, capacity 11602K, committed 11904K, reserved 1060864K
  class space    used 1018K, capacity 1075K, committed 1152K, reserved 1048576K

Card table byte_map: [0x0000000011c50000,0x0000000012450000] byte_map_base: 0x000000000e644000

Marking Bits: (ParMarkBitMap*) 0x0000000072ac4ce0
 Begin Bits: [0x00000000131a0000, 0x0000000017140000)
 End Bits:   [0x0000000017140000, 0x000000001b0e0000)

Polling page: 0x0000000000ac0000

CodeCache: size=245760Kb used=11756Kb max_used=11769Kb free=234003Kb
 bounds [0x0000000002890000, 0x0000000003420000, 0x0000000011890000]
 total_blobs=2585 nmethods=2276 adapters=218
 compilation: enabled

Compilation events (10 events):
Event: 52.979 Thread 0x000000001e225800 nmethod 2806 0x000000000340c890 code [0x000000000340ca20, 0x000000000340ce28]
Event: 52.980 Thread 0x000000001e225800 2807       3       org.eclipse.jdt.core.dom.DefaultASTVisitor::visit (6 bytes)
Event: 52.980 Thread 0x000000001e225800 nmethod 2807 0x0000000003408210 code [0x0000000003408380, 0x0000000003408588]
Event: 52.980 Thread 0x000000001e225800 2808       3       org.eclipse.jdt.core.dom.DefaultASTVisitor::endVisit (6 bytes)
Event: 52.980 Thread 0x000000001e225800 nmethod 2808 0x0000000003407e10 code [0x0000000003407f80, 0x0000000003408188]
Event: 53.045 Thread 0x000000001e21b800 nmethod 2802 0x000000000341b2d0 code [0x000000000341b500, 0x000000000341cc30]
Event: 53.075 Thread 0x000000001e225800 2809       3       sun.misc.FloatingDecimal$BinaryToASCIIBuffer::appendTo (72 bytes)
Event: 53.076 Thread 0x000000001e225800 nmethod 2809 0x0000000003406fd0 code [0x00000000034071a0, 0x0000000003407bc8]
Event: 53.089 Thread 0x000000001e21e800 2810       4       org.eclipse.jdt.core.dom.DocCommentParser::pushParamName (328 bytes)
Event: 53.147 Thread 0x000000001e225800 2811       3       org.eclipse.jdt.core.dom.ASTConverter::convert (322 bytes)

GC Heap History (10 events):
Event: 17.896 GC heap before
{Heap before GC invocations=2 (full 0):
 PSYoungGen      total 76288K, used 76275K [0x000000076b300000, 0x0000000774800000, 0x00000007c0000000)
  eden space 65536K, 100% used [0x000000076b300000,0x000000076f300000,0x000000076f300000)
  from space 10752K, 99% used [0x000000076f300000,0x000000076fd7ceb0,0x000000076fd80000)
  to   space 10752K, 0% used [0x0000000773d80000,0x0000000773d80000,0x0000000774800000)
 ParOldGen       total 175104K, used 1548K [0x00000006c1800000, 0x00000006cc300000, 0x000000076b300000)
  object space 175104K, 0% used [0x00000006c1800000,0x00000006c1983398,0x00000006cc300000)
 Metaspace       used 11046K, capacity 11250K, committed 11392K, reserved 1058816K
  class space    used 1014K, capacity 1043K, committed 1152K, reserved 1048576K
Event: 18.543 GC heap after
Heap after GC invocations=2 (full 0):
 PSYoungGen      total 141824K, used 10748K [0x000000076b300000, 0x0000000774800000, 0x00000007c0000000)
  eden space 131072K, 0% used [0x000000076b300000,0x000000076b300000,0x0000000773300000)
  from space 10752K, 99% used [0x0000000773d80000,0x00000007747ff378,0x0000000774800000)
  to   space 10752K, 0% used [0x0000000773300000,0x0000000773300000,0x0000000773d80000)
 ParOldGen       total 175104K, used 8849K [0x00000006c1800000, 0x00000006cc300000, 0x000000076b300000)
  object space 175104K, 5% used [0x00000006c1800000,0x00000006c20a4470,0x00000006cc300000)
 Metaspace       used 11046K, capacity 11250K, committed 11392K, reserved 1058816K
  class space    used 1014K, capacity 1043K, committed 1152K, reserved 1048576K
}
Event: 29.200 GC heap before
{Heap before GC invocations=3 (full 0):
 PSYoungGen      total 141824K, used 141820K [0x000000076b300000, 0x0000000774800000, 0x00000007c0000000)
  eden space 131072K, 100% used [0x000000076b300000,0x0000000773300000,0x0000000773300000)
  from space 10752K, 99% used [0x0000000773d80000,0x00000007747ff378,0x0000000774800000)
  to   space 10752K, 0% used [0x0000000773300000,0x0000000773300000,0x0000000773d80000)
 ParOldGen       total 175104K, used 8849K [0x00000006c1800000, 0x00000006cc300000, 0x000000076b300000)
  object space 175104K, 5% used [0x00000006c1800000,0x00000006c20a4470,0x00000006cc300000)
 Metaspace       used 11141K, capacity 11314K, committed 11648K, reserved 1060864K
  class space    used 1016K, capacity 1043K, committed 1152K, reserved 1048576K
Event: 29.832 GC heap after
Heap after GC invocations=3 (full 0):
 PSYoungGen      total 141824K, used 10733K [0x000000076b300000, 0x000000077c800000, 0x00000007c0000000)
  eden space 131072K, 0% used [0x000000076b300000,0x000000076b300000,0x0000000773300000)
  from space 10752K, 99% used [0x0000000773300000,0x0000000773d7b408,0x0000000773d80000)
  to   space 10752K, 0% used [0x000000077bd80000,0x000000077bd80000,0x000000077c800000)
 ParOldGen       total 175104K, used 29039K [0x00000006c1800000, 0x00000006cc300000, 0x000000076b300000)
  object space 175104K, 16% used [0x00000006c1800000,0x00000006c345bfa0,0x00000006cc300000)
 Metaspace       used 11141K, capacity 11314K, committed 11648K, reserved 1060864K
  class space    used 1016K, capacity 1043K, committed 1152K, reserved 1048576K
}
Event: 32.788 GC heap before
{Heap before GC invocations=4 (full 0):
 PSYoungGen      total 141824K, used 141805K [0x000000076b300000, 0x000000077c800000, 0x00000007c0000000)
  eden space 131072K, 100% used [0x000000076b300000,0x0000000773300000,0x0000000773300000)
  from space 10752K, 99% used [0x0000000773300000,0x0000000773d7b408,0x0000000773d80000)
  to   space 10752K, 0% used [0x000000077bd80000,0x000000077bd80000,0x000000077c800000)
 ParOldGen       total 175104K, used 29039K [0x00000006c1800000, 0x00000006cc300000, 0x000000076b300000)
  object space 175104K, 16% used [0x00000006c1800000,0x00000006c345bfa0,0x00000006cc300000)
 Metaspace       used 11193K, capacity 11378K, committed 11648K, reserved 1060864K
  class space    used 1016K, capacity 1043K, committed 1152K, reserved 1048576K
Event: 33.234 GC heap after
Heap after GC invocations=4 (full 0):
 PSYoungGen      total 272896K, used 10738K [0x000000076b300000, 0x000000077c800000, 0x00000007c0000000)
  eden space 262144K, 0% used [0x000000076b300000,0x000000076b300000,0x000000077b300000)
  from space 10752K, 99% used [0x000000077bd80000,0x000000077c7fc850,0x000000077c800000)
  to   space 10752K, 0% used [0x000000077b300000,0x000000077b300000,0x000000077bd80000)
 ParOldGen       total 175104K, used 50584K [0x00000006c1800000, 0x00000006cc300000, 0x000000076b300000)
  object space 175104K, 28% used [0x00000006c1800000,0x00000006c49663c0,0x00000006cc300000)
 Metaspace       used 11193K, capacity 11378K, committed 11648K, reserved 1060864K
  class space    used 1016K, capacity 1043K, committed 1152K, reserved 1048576K
}
Event: 41.898 GC heap before
{Heap before GC invocations=5 (full 0):
 PSYoungGen      total 272896K, used 272631K [0x000000076b300000, 0x000000077c800000, 0x00000007c0000000)
  eden space 262144K, 99% used [0x000000076b300000,0x000000077b2c1778,0x000000077b300000)
  from space 10752K, 99% used [0x000000077bd80000,0x000000077c7fc850,0x000000077c800000)
  to   space 10752K, 0% used [0x000000077b300000,0x000000077b300000,0x000000077bd80000)
 ParOldGen       total 175104K, used 50584K [0x00000006c1800000, 0x00000006cc300000, 0x000000076b300000)
  object space 175104K, 28% used [0x00000006c1800000,0x00000006c49663c0,0x00000006cc300000)
 Metaspace       used 11300K, capacity 11474K, committed 11648K, reserved 1060864K
  class space    used 1016K, capacity 1075K, committed 1152K, reserved 1048576K
Event: 42.801 GC heap after
Heap after GC invocations=5 (full 0):
 PSYoungGen      total 272896K, used 10734K [0x000000076b300000, 0x0000000791c00000, 0x00000007c0000000)
  eden space 262144K, 0% used [0x000000076b300000,0x000000076b300000,0x000000077b300000)
  from space 10752K, 99% used [0x000000077b300000,0x000000077bd7b800,0x000000077bd80000)
  to   space 53760K, 0% used [0x000000078e780000,0x000000078e780000,0x0000000791c00000)
 ParOldGen       total 175104K, used 87518K [0x00000006c1800000, 0x00000006cc300000, 0x000000076b300000)
  object space 175104K, 49% used [0x00000006c1800000,0x00000006c6d77818,0x00000006cc300000)
 Metaspace       used 11300K, capacity 11474K, committed 11648K, reserved 1060864K
  class space    used 1016K, capacity 1075K, committed 1152K, reserved 1048576K
}
Event: 48.390 GC heap before
{Heap before GC invocations=6 (full 0):
 PSYoungGen      total 272896K, used 272878K [0x000000076b300000, 0x0000000791c00000, 0x00000007c0000000)
  eden space 262144K, 100% used [0x000000076b300000,0x000000077b300000,0x000000077b300000)
  from space 10752K, 99% used [0x000000077b300000,0x000000077bd7b800,0x000000077bd80000)
  to   space 53760K, 0% used [0x000000078e780000,0x000000078e780000,0x0000000791c00000)
 ParOldGen       total 175104K, used 87518K [0x00000006c1800000, 0x00000006cc300000, 0x000000076b300000)
  object space 175104K, 49% used [0x00000006c1800000,0x00000006c6d77818,0x00000006cc300000)
 Metaspace       used 11395K, capacity 11538K, committed 11648K, reserved 1060864K
  class space    used 1018K, capacity 1075K, committed 1152K, reserved 1048576K
Event: 48.637 GC heap after
Heap after GC invocations=6 (full 0):
 PSYoungGen      total 574976K, used 41088K [0x000000076b300000, 0x0000000792200000, 0x00000007c0000000)
  eden space 521216K, 0% used [0x000000076b300000,0x000000076b300000,0x000000078b000000)
  from space 53760K, 76% used [0x000000078e780000,0x0000000790fa0298,0x0000000791c00000)
  to   space 56832K, 0% used [0x000000078b000000,0x000000078b000000,0x000000078e780000)
 ParOldGen       total 175104K, used 87526K [0x00000006c1800000, 0x00000006cc300000, 0x000000076b300000)
  object space 175104K, 49% used [0x00000006c1800000,0x00000006c6d79818,0x00000006cc300000)
 Metaspace       used 11395K, capacity 11538K, committed 11648K, reserved 1060864K
  class space    used 1018K, capacity 1075K, committed 1152K, reserved 1048576K
}

Deoptimization events (10 events):
Event: 46.849 Thread 0x0000000002792800 Uncommon trap: reason=bimorphic action=maybe_recompile pc=0x0000000002f0c1b0 method=java.util.regex.Pattern$Start.match(Ljava/util/regex/Matcher;ILjava/lang/CharSequence;)Z @ 44
Event: 46.849 Thread 0x0000000002792800 Uncommon trap: reason=class_check action=maybe_recompile pc=0x0000000002b85a94 method=java.util.regex.Pattern$BmpCharProperty.match(Ljava/util/regex/Matcher;ILjava/lang/CharSequence;)Z @ 31
Event: 46.849 Thread 0x0000000002792800 Uncommon trap: reason=class_check action=maybe_recompile pc=0x0000000002b85a94 method=java.util.regex.Pattern$BmpCharProperty.match(Ljava/util/regex/Matcher;ILjava/lang/CharSequence;)Z @ 31
Event: 46.849 Thread 0x0000000002792800 Uncommon trap: reason=class_check action=maybe_recompile pc=0x0000000002b85a94 method=java.util.regex.Pattern$BmpCharProperty.match(Ljava/util/regex/Matcher;ILjava/lang/CharSequence;)Z @ 31
Event: 46.849 Thread 0x0000000002792800 Uncommon trap: reason=class_check action=maybe_recompile pc=0x0000000002b85a94 method=java.util.regex.Pattern$BmpCharProperty.match(Ljava/util/regex/Matcher;ILjava/lang/CharSequence;)Z @ 31
Event: 46.857 Thread 0x0000000002792800 Uncommon trap: reason=predicate action=maybe_recompile pc=0x0000000002a4d780 method=java.util.regex.Pattern$Slice.match(Ljava/util/regex/Matcher;ILjava/lang/CharSequence;)Z @ 21
Event: 47.040 Thread 0x0000000002792800 Uncommon trap: reason=bimorphic action=maybe_recompile pc=0x0000000002f0c1b0 method=java.util.regex.Pattern$Start.match(Ljava/util/regex/Matcher;ILjava/lang/CharSequence;)Z @ 44
Event: 47.056 Thread 0x0000000002792800 Uncommon trap: reason=bimorphic action=maybe_recompile pc=0x0000000002f0c1b0 method=java.util.regex.Pattern$Start.match(Ljava/util/regex/Matcher;ILjava/lang/CharSequence;)Z @ 44
Event: 47.338 Thread 0x0000000002792800 Uncommon trap: reason=bimorphic action=maybe_recompile pc=0x0000000002f0c1b0 method=java.util.regex.Pattern$Start.match(Ljava/util/regex/Matcher;ILjava/lang/CharSequence;)Z @ 44
Event: 50.075 Thread 0x0000000002792800 Uncommon trap: reason=unstable_if action=reinterpret pc=0x00000000033771f4 method=org.eclipse.jdt.core.dom.DefaultCommentMapper.initialize(Lorg/eclipse/jdt/core/dom/CompilationUnit;Lorg/eclipse/jdt/internal/compiler/parser/Scanner;)V @ 76

Classes redefined (0 events):
No events

Internal exceptions (10 events):
Event: 45.754 Thread 0x0000000002792800 Exception <a 'java/lang/ArrayIndexOutOfBoundsException'> (0x0000000774b22a40) thrown at [C:\re\workspace\8-2-build-windows-amd64-cygwin\jdk8u201\12322\hotspot\src\share\vm\runtime\sharedRuntime.cpp, line 605]
Event: 45.755 Thread 0x0000000002792800 Exception <a 'java/lang/ArrayIndexOutOfBoundsException'> (0x0000000774b615c8) thrown at [C:\re\workspace\8-2-build-windows-amd64-cygwin\jdk8u201\12322\hotspot\src\share\vm\runtime\sharedRuntime.cpp, line 605]
Event: 45.758 Thread 0x0000000002792800 Exception <a 'java/lang/ArrayIndexOutOfBoundsException'> (0x0000000774ba48d8) thrown at [C:\re\workspace\8-2-build-windows-amd64-cygwin\jdk8u201\12322\hotspot\src\share\vm\runtime\sharedRuntime.cpp, line 605]
Event: 45.760 Thread 0x0000000002792800 Exception <a 'java/lang/ArrayIndexOutOfBoundsException'> (0x0000000774c1a3e0) thrown at [C:\re\workspace\8-2-build-windows-amd64-cygwin\jdk8u201\12322\hotspot\src\share\vm\runtime\sharedRuntime.cpp, line 605]
Event: 45.768 Thread 0x0000000002792800 Exception <a 'java/lang/ArrayIndexOutOfBoundsException'> (0x0000000774dcf478) thrown at [C:\re\workspace\8-2-build-windows-amd64-cygwin\jdk8u201\12322\hotspot\src\share\vm\runtime\sharedRuntime.cpp, line 605]
Event: 45.769 Thread 0x0000000002792800 Exception <a 'java/lang/ArrayIndexOutOfBoundsException'> (0x0000000774e10d68) thrown at [C:\re\workspace\8-2-build-windows-amd64-cygwin\jdk8u201\12322\hotspot\src\share\vm\runtime\sharedRuntime.cpp, line 605]
Event: 45.771 Thread 0x0000000002792800 Exception <a 'java/lang/ArrayIndexOutOfBoundsException'> (0x0000000774e51dc0) thrown at [C:\re\workspace\8-2-build-windows-amd64-cygwin\jdk8u201\12322\hotspot\src\share\vm\runtime\sharedRuntime.cpp, line 605]
Event: 45.772 Thread 0x0000000002792800 Exception <a 'java/lang/ArrayIndexOutOfBoundsException'> (0x0000000774e9ad38) thrown at [C:\re\workspace\8-2-build-windows-amd64-cygwin\jdk8u201\12322\hotspot\src\share\vm\runtime\sharedRuntime.cpp, line 605]
Event: 45.773 Thread 0x0000000002792800 Exception <a 'java/lang/ArrayIndexOutOfBoundsException'> (0x0000000774ee0cc0) thrown at [C:\re\workspace\8-2-build-windows-amd64-cygwin\jdk8u201\12322\hotspot\src\share\vm\runtime\sharedRuntime.cpp, line 605]
Event: 45.775 Thread 0x0000000002792800 Exception <a 'java/lang/ArrayIndexOutOfBoundsException'> (0x0000000774f52570) thrown at [C:\re\workspace\8-2-build-windows-amd64-cygwin\jdk8u201\12322\hotspot\src\share\vm\runtime\sharedRuntime.cpp, line 605]

Events (10 events):
Event: 48.649 Thread 0x000000001e21e800 flushing nmethod 0x0000000002debc90
Event: 48.679 Thread 0x000000001e21e800 flushing nmethod 0x0000000003019c50
Event: 48.679 Thread 0x000000001e21e800 flushing nmethod 0x0000000003044ed0
Event: 50.075 Thread 0x0000000002792800 Uncommon trap: trap_request=0xffffff65 fr.pc=0x00000000033771f4
Event: 50.075 Thread 0x0000000002792800 DEOPT PACKING pc=0x00000000033771f4 sp=0x000000000266e8d0
Event: 50.075 Thread 0x0000000002792800 DEOPT UNPACKING pc=0x00000000028d583b sp=0x000000000266e8a0 mode 2
Event: 50.845 Thread 0x0000000002792800 DEOPT PACKING pc=0x00000000033d1d66 sp=0x000000000266e8b0
Event: 50.845 Thread 0x0000000002792800 DEOPT UNPACKING pc=0x00000000028d7890 sp=0x000000000266e5f8 mode 0
Event: 52.455 Thread 0x0000000002792800 DEOPT PACKING pc=0x00000000033d1d66 sp=0x000000000266e860
Event: 52.455 Thread 0x0000000002792800 DEOPT UNPACKING pc=0x00000000028d7890 sp=0x000000000266e5a8 mode 0


Dynamic libraries:
0x00007ff69ece0000 - 0x00007ff69ed17000 	C:\Program Files (x86)\Common Files\Oracle\Java\javapath\java.exe
0x00007ffb90a20000 - 0x00007ffb90c01000 	C:\WINDOWS\SYSTEM32\ntdll.dll
0x00007ffb90380000 - 0x00007ffb90431000 	C:\WINDOWS\System32\KERNEL32.DLL
0x00007ffb8d7b0000 - 0x00007ffb8da23000 	C:\WINDOWS\System32\KERNELBASE.dll
0x00007ffb8e600000 - 0x00007ffb8e6a1000 	C:\WINDOWS\System32\ADVAPI32.dll
0x00007ffb90440000 - 0x00007ffb904de000 	C:\WINDOWS\System32\msvcrt.dll
0x00007ffb90780000 - 0x00007ffb907db000 	C:\WINDOWS\System32\sechost.dll
0x00007ffb8ec90000 - 0x00007ffb8edb4000 	C:\WINDOWS\System32\RPCRT4.dll
0x00007ffb8e6b0000 - 0x00007ffb8e840000 	C:\WINDOWS\System32\USER32.dll
0x00007ffb8de90000 - 0x00007ffb8deb0000 	C:\WINDOWS\System32\win32u.dll
0x00007ffb8e5c0000 - 0x00007ffb8e5e8000 	C:\WINDOWS\System32\GDI32.dll
0x00007ffb8da30000 - 0x00007ffb8dbc1000 	C:\WINDOWS\System32\gdi32full.dll
0x00007ffb8d500000 - 0x00007ffb8d59f000 	C:\WINDOWS\System32\msvcp_win.dll
0x00007ffb8d5a0000 - 0x00007ffb8d698000 	C:\WINDOWS\System32\ucrtbase.dll
0x00007ffb7d0b0000 - 0x00007ffb7d319000 	C:\WINDOWS\WinSxS\amd64_microsoft.windows.common-controls_6595b64144ccf1df_6.0.17134.885_none_fb42a3473065565f\COMCTL32.dll
0x00007ffb8dec0000 - 0x00007ffb8e1e2000 	C:\WINDOWS\System32\combase.dll
0x00007ffb8dbd0000 - 0x00007ffb8dc49000 	C:\WINDOWS\System32\bcryptPrimitives.dll
0x00007ffb90540000 - 0x00007ffb9056d000 	C:\WINDOWS\System32\IMM32.DLL
0x0000000072b50000 - 0x0000000072c21000 	C:\Program Files\Java\jre1.8.0_201\bin\msvcr100.dll
0x00000000722a0000 - 0x0000000072b44000 	C:\Program Files\Java\jre1.8.0_201\bin\server\jvm.dll
0x00007ffb8deb0000 - 0x00007ffb8deb8000 	C:\WINDOWS\System32\PSAPI.DLL
0x00007ffb8b950000 - 0x00007ffb8b959000 	C:\WINDOWS\SYSTEM32\WSOCK32.dll
0x00007ffb905d0000 - 0x00007ffb9063c000 	C:\WINDOWS\System32\WS2_32.dll
0x00007ffb892a0000 - 0x00007ffb892c3000 	C:\WINDOWS\SYSTEM32\WINMM.dll
0x00007ffb7ed00000 - 0x00007ffb7ed0a000 	C:\WINDOWS\SYSTEM32\VERSION.dll
0x00007ffb88fa0000 - 0x00007ffb88fca000 	C:\WINDOWS\SYSTEM32\WINMMBASE.dll
0x00007ffb8de40000 - 0x00007ffb8de89000 	C:\WINDOWS\System32\cfgmgr32.dll
0x00007ffb882f0000 - 0x00007ffb882ff000 	C:\Program Files\Java\jre1.8.0_201\bin\verify.dll
0x00007ffb87ae0000 - 0x00007ffb87b09000 	C:\Program Files\Java\jre1.8.0_201\bin\java.dll
0x00007ffb87ac0000 - 0x00007ffb87ad6000 	C:\Program Files\Java\jre1.8.0_201\bin\zip.dll
0x00007ffb8edc0000 - 0x00007ffb90200000 	C:\WINDOWS\System32\SHELL32.dll
0x00007ffb90940000 - 0x00007ffb909e9000 	C:\WINDOWS\System32\shcore.dll
0x00007ffb8cdf0000 - 0x00007ffb8d4fd000 	C:\WINDOWS\System32\windows.storage.dll
0x00007ffb8e3a0000 - 0x00007ffb8e3f1000 	C:\WINDOWS\System32\shlwapi.dll
0x00007ffb8cd90000 - 0x00007ffb8cda1000 	C:\WINDOWS\System32\kernel.appcore.dll
0x00007ffb8cdb0000 - 0x00007ffb8cdcf000 	C:\WINDOWS\System32\profapi.dll
0x00007ffb8cd40000 - 0x00007ffb8cd8c000 	C:\WINDOWS\System32\powrprof.dll
0x00007ffb8cd30000 - 0x00007ffb8cd3a000 	C:\WINDOWS\System32\FLTLIB.DLL

VM Arguments:
java_command: D:\Documenti\NetbeansProjects\jDECAF_ML\target\jDECAF_ML-1.0-SNAPSHOT-jar-with-dependencies.jar D:/PhD/Progetti/CodeSmells/jDecaf/data SpaghettiCode https://github.com/apache/manifoldcf.git incubating release-0.1-incubating D:/PhD/Progetti/CodeSmells/jDecaf/dataset/apache-incubating/tatsuyaoiw-manifoldcf-0.1_OK/Validated
java_class_path (initial): D:\Documenti\NetbeansProjects\jDECAF_ML\target\jDECAF_ML-1.0-SNAPSHOT-jar-with-dependencies.jar
Launcher Type: SUN_STANDARD

Environment Variables:
JAVA_HOME=C:\Program Files\Java\jdk1.8.0_201
PATH=C:\Program Files\Java\jdk1.8.0_201;C:\Program Files\apache-maven-3.6.0\bin;C:\Program Files (x86)\Common Files\Oracle\Java\javapath;C:\Perl\site\bin;C:\Perl\bin;C:\Perl64\site\bin;C:\Perl64\bin;C:\Program Files (x86)\Intel\iCLS Client\;C:\Program Files\Intel\iCLS Client\;C:\Windows\system32;C:\Windows;C:\Windows\System32\Wbem;C:\Windows\System32\WindowsPowerShell\v1.0\;C:\Program Files (x86)\NVIDIA Corporation\PhysX\Common;C:\Program Files (x86)\Intel\Intel(R) Management Engine Components\DAL;C:\Program Files\Intel\Intel(R) Management Engine Components\DAL;C:\Program Files (x86)\Intel\Intel(R) Management Engine Components\IPT;C:\Program Files\Intel\Intel(R) Management Engine Components\IPT;C:\xampp\php;C:\ProgramData\ComposerSetup\bin;C:\Program Files (x86)\Windows Live\Shared;C:\WINDOWS\system32;C:\WINDOWS;C:\WINDOWS\System32\Wbem;C:\WINDOWS\System32\WindowsPowerShell\v1.0\;C:\Program Files (x86)\MiKTeX 2.9\miktex\bin\;C:\Users\fably\jflex-1.6.1\jflex-1.6.1\bin;C:\Program Files\Git\cmd;C:\Program Files\PuTTY\;C:\Program Files (x86)\Skype\Phone\;C:\Program Files\nodejs\;C:\Program Files (x86)\Gpg4win\..\GnuPG\bin;C:\WINDOWS\System32\OpenSSH\;C:\Program Files\R\R-3.4.4\bin\x64;C:\Program Files\Amazon\AWSCLI\;C:\Program Files\apache-maven-3.6.0\bin;C:\ProgramData\Oracle\Java\javapath;C:\HashiCorp\Vagrant\bin;C:\Gradle\gradle-5.6.2\bin;C:\Program Files\Java\jdk1.8.0_201;C:\Program Files\apache-maven-3.6.0\bin;C:\Users\fably\AppData\Local\Programs\Python\Python37\Scripts\;C:\Users\fably\AppData\Local\Programs\Python\Python37\;C:\Users\fably\AppData\Roaming\Composer\vendor\bin;C:\Users\fably\AppData\Local\Microsoft\WindowsApps;C:\Users\fably\jflex-1.6.1\jflex-1.6.1\bin;C:\Program Files\Git\cmd;C:\Program Files\nodejs;C:\tools\android-sdk\platform-tools;C:\tools\android-sdk\tools;C:\tools\apache-ant-1.9.7\bin;C:\Users\fably\AppData\Roaming\npm;
USERNAME=fably
OS=Windows_NT
PROCESSOR_IDENTIFIER=Intel64 Family 6 Model 94 Stepping 3, GenuineIntel



---------------  S Y S T E M  ---------------

OS: Windows 10.0 , 64 bit Build 17134 (10.0.17134.753)

CPU:total 8 (initial active 8) (4 cores per cpu, 2 threads per core) family 6 model 94 stepping 3, cmov, cx8, fxsr, mmx, sse, sse2, sse3, ssse3, sse4.1, sse4.2, popcnt, avx, avx2, aes, clmul, erms, rtm, 3dnowpref, lzcnt, ht, tsc, tscinvbit, bmi1, bmi2, adx

Memory: 4k page, physical 16670924k(1257624k free), swap 32086632k(1037280k free)

vm_info: Java HotSpot(TM) 64-Bit Server VM (25.201-b09) for windows-amd64 JRE (1.8.0_201-b09), built on Dec 15 2018 18:36:39 by "java_re" with MS VC++ 10.0 (VS2010)

time: Thu Nov 14 22:19:13 2019
timezone: ora solare Europa occidentale
elapsed time: 56 seconds (0d 0h 0m 56s)

